2024.10.22 10:50:37 INFO  Started: Metals version 1.3.5 in folders '/home/htetaunglynn/git/coursera/big_data_analysis/module_1' for client Visual Studio Code 1.94.2.
SLF4J(W): Class path contains multiple SLF4J providers.
SLF4J(W): Found provider [scribe.slf4j.ScribeServiceProvider@50cfd89d]
SLF4J(W): Found provider [ch.qos.logback.classic.spi.LogbackServiceProvider@28d4776d]
SLF4J(W): See https://www.slf4j.org/codes.html#multiple_bindings for an explanation.
SLF4J(I): Actual provider is of type [scribe.slf4j.ScribeServiceProvider@50cfd89d]
2024.10.22 10:50:37 WARN  Flyway upgrade recommended: H2 2.3.230 is newer than this version of Flyway and support has not been tested. The latest supported version of H2 is 2.2.220.
2024.10.22 10:50:38 INFO  no build target found for /home/htetaunglynn/git/coursera/big_data_analysis/module_1/scala-project/src/main/scala/example/example.worksheet.sc. Using presentation compiler with project's scala-library version: 3.3.3
2024.10.22 10:50:40 INFO  running '/home/htetaunglynn/.local/share/coursier/bin/sbt -Dbloop.export-jar-classifiers=sources bloopInstall'
2024.10.22 10:50:44 INFO  [info] welcome to sbt 1.9.0 (Oracle Corporation Java 11)
Oct 22, 2024 10:50:45 AM org.eclipse.lsp4j.jsonrpc.services.GenericEndpoint notify
INFO: Unsupported notification method: $/setTrace
2024.10.22 10:50:48 INFO  [info] loading settings for project scala-project-build-build from metals.sbt ...
2024.10.22 10:50:48 INFO  [info] loading project definition from /home/htetaunglynn/git/coursera/big_data_analysis/module_1/scala-project/project/project
2024.10.22 10:50:50 WARN  no build target for: /home/htetaunglynn/git/coursera/big_data_analysis/module_1/scala-project/src/main/scala/example/example.worksheet.sc
2024.10.22 10:50:52 INFO  no build target found for /home/htetaunglynn/git/coursera/big_data_analysis/module_1/scala-project/src/main/scala/example/example.worksheet.sc. Using presentation compiler with project's scala-library version: 3.3.3
2024.10.22 10:50:53 INFO  [info] loading settings for project scala-project-build from metals.sbt ...
2024.10.22 10:50:53 INFO  [info] loading project definition from /home/htetaunglynn/git/coursera/big_data_analysis/module_1/scala-project/project
2024.10.22 10:50:53 WARN  no build target for: /home/htetaunglynn/git/coursera/big_data_analysis/module_1/scala-project/src/main/scala/example/example.worksheet.sc
2024.10.22 10:50:54 INFO  no build target found for /home/htetaunglynn/git/coursera/big_data_analysis/module_1/scala-project/src/main/scala/example/example.worksheet.sc. Using presentation compiler with project's scala-library version: 3.3.3
2024.10.22 10:50:57 INFO  [success] Generated .bloop/scala-project-build.json
2024.10.22 10:50:57 INFO  [success] Total time: 4 s, completed Oct 22, 2024, 10:50:57 AM
2024.10.22 10:50:58 INFO  time: evaluated worksheet 'example.worksheet.sc' in 8.54s
2024.10.22 10:50:59 INFO  [info] loading settings for project scala-project from build.sbt ...
2024.10.22 10:50:59 INFO  [info] set current project to scala-project (in build file:/home/htetaunglynn/git/coursera/big_data_analysis/module_1/scala-project/)
2024.10.22 10:51:00 INFO  time: evaluated worksheet 'example.worksheet.sc' in 1.81s
2024.10.22 10:51:01 INFO  [success] Generated .bloop/scala-project-test.json
2024.10.22 10:51:01 INFO  [success] Generated .bloop/scala-project.json
2024.10.22 10:51:01 INFO  [success] Total time: 1 s, completed Oct 22, 2024, 10:51:01 AM
2024.10.22 10:51:00 INFO  time: ran 'sbt bloopInstall' in 20s
2024.10.22 10:51:01 INFO  Attempting to connect to the build server...
2024.10.22 10:51:03 INFO  tracing is disabled for protocol BSP, to enable tracing of incoming and outgoing JSON messages create an empty file at /home/htetaunglynn/git/coursera/big_data_analysis/module_1/.metals/bsp.trace.json or /home/htetaunglynn/.cache/metals/bsp.trace.json
2024.10.22 10:51:03 INFO  time: Connected to build server in 2.57s
2024.10.22 10:51:03 INFO  Connected to Build server: Bloop v1.6.0
2024.10.22 10:51:04 INFO  time: Imported build in 0.16s
2024.10.22 10:51:03 INFO  running doctor check
2024.10.22 10:51:03 INFO  java targets: scala-project, scala-project-test
2024.10.22 10:51:03 WARN  3.3.0 is no longer supported in the current Metals versions, using the last known supported version 1.2.2
2024.10.22 10:51:06 WARN  Flyway upgrade recommended: H2 2.3.230 is newer than this version of Flyway and support has not been tested. The latest supported version of H2 is 2.2.220.
2024.10.22 10:51:08 INFO  time: indexed workspace in 3.9s
2024.10.22 10:51:21 INFO  time: evaluated worksheet 'example.worksheet.sc' in 5.28s
2024.10.22 10:51:23 INFO  time: code lens generation in 1.94s
2024.10.22 10:51:23 INFO  time: code lens generation in 1.94s
2024.10.22 10:51:23 INFO  time: code lens generation in 1.95s
2024.10.22 10:51:23 INFO  time: code lens generation in 1.95s
2024.10.22 10:51:25 INFO  Shutting down server
2024.10.22 10:51:25 INFO  shutting down Metals
2024.10.22 10:51:25 INFO  Shut down connection with build server.
2024.10.22 10:51:25 INFO  Exiting server
